[2024-09-21 14:55:41,297] 160 numexpr.utils - INFO - NumExpr defaulting to 4 threads.
[2024-09-21 14:55:56,888] 96 werkzeug - WARNING -  * Debugger is active!
[2024-09-21 14:55:56,898] 96 werkzeug - INFO -  * Debugger PIN: 774-876-830
[2024-09-21 14:55:57,208] 96 werkzeug - INFO -  * Detected change in 'C:\\Users\\supri\\anaconda3\\Lib\\site-packages\\anaconda_catalogs\\catalog.py', reloading
[2024-09-21 14:55:57,223] 96 werkzeug - INFO -  * Detected change in 'C:\\Users\\supri\\anaconda3\\Lib\\site-packages\\anaconda_cloud_auth\\__init__.py', reloading
[2024-09-21 14:55:57,233] 96 werkzeug - INFO -  * Detected change in 'C:\\Users\\supri\\anaconda3\\Lib\\site-packages\\anaconda_cloud_auth\\_version.py', reloading
[2024-09-21 14:55:57,238] 96 werkzeug - INFO -  * Detected change in 'C:\\Users\\supri\\anaconda3\\Lib\\site-packages\\anaconda_cloud_auth\\actions.py', reloading
[2024-09-21 14:55:57,278] 96 werkzeug - INFO -  * Detected change in 'C:\\Users\\supri\\anaconda3\\Lib\\site-packages\\anaconda_cloud_auth\\client.py', reloading
[2024-09-21 14:55:57,288] 96 werkzeug - INFO -  * Detected change in 'C:\\Users\\supri\\anaconda3\\Lib\\site-packages\\anaconda_navigator\\__init__.py', reloading
[2024-09-21 14:55:57,288] 96 werkzeug - INFO -  * Detected change in 'C:\\Users\\supri\\anaconda3\\Lib\\site-packages\\anaconda_project\\__init__.py', reloading
[2024-09-21 14:55:57,288] 96 werkzeug - INFO -  * Detected change in 'C:\\Users\\supri\\anaconda3\\Lib\\site-packages\\annotated_types\\__init__.py', reloading
[2024-09-21 14:55:57,303] 96 werkzeug - INFO -  * Detected change in 'C:\\Users\\supri\\anaconda3\\Lib\\site-packages\\anyio\\__init__.py', reloading
[2024-09-21 14:55:57,318] 96 werkzeug - INFO -  * Detected change in 'C:\\Users\\supri\\anaconda3\\Lib\\site-packages\\anyio\\_core\\_eventloop.py', reloading
[2024-09-21 14:55:57,328] 96 werkzeug - INFO -  * Detected change in 'C:\\Users\\supri\\anaconda3\\Lib\\site-packages\\anyio\\_core\\_exceptions.py', reloading
[2024-09-21 14:55:57,332] 96 werkzeug - INFO -  * Detected change in 'C:\\Users\\supri\\anaconda3\\Lib\\site-packages\\anyio\\_core\\_fileio.py', reloading
[2024-09-21 14:55:57,338] 96 werkzeug - INFO -  * Detected change in 'C:\\Users\\supri\\anaconda3\\Lib\\site-packages\\anyio\\_core\\_resources.py', reloading
[2024-09-21 14:55:57,338] 96 werkzeug - INFO -  * Detected change in 'C:\\Users\\supri\\anaconda3\\Lib\\site-packages\\anyio\\_core\\_signals.py', reloading
[2024-09-21 14:55:57,343] 96 werkzeug - INFO -  * Detected change in 'C:\\Users\\supri\\anaconda3\\Lib\\site-packages\\anyio\\_core\\_sockets.py', reloading
[2024-09-21 14:55:57,358] 96 werkzeug - INFO -  * Detected change in 'C:\\Users\\supri\\anaconda3\\Lib\\site-packages\\anyio\\_core\\_streams.py', reloading
[2024-09-21 14:55:57,363] 96 werkzeug - INFO -  * Detected change in 'C:\\Users\\supri\\anaconda3\\Lib\\site-packages\\anyio\\_core\\_subprocesses.py', reloading
[2024-09-21 14:55:57,368] 96 werkzeug - INFO -  * Detected change in 'C:\\Users\\supri\\anaconda3\\Lib\\site-packages\\anyio\\_core\\_synchronization.py', reloading
[2024-09-21 14:55:57,373] 96 werkzeug - INFO -  * Detected change in 'C:\\Users\\supri\\anaconda3\\Lib\\site-packages\\anyio\\_core\\_tasks.py', reloading
[2024-09-21 14:55:57,378] 96 werkzeug - INFO -  * Detected change in 'C:\\Users\\supri\\anaconda3\\Lib\\site-packages\\anyio\\_core\\_testing.py', reloading
[2024-09-21 14:55:57,383] 96 werkzeug - INFO -  * Detected change in 'C:\\Users\\supri\\anaconda3\\Lib\\site-packages\\anyio\\_core\\_typedattr.py', reloading
[2024-09-21 14:55:57,383] 96 werkzeug - INFO -  * Detected change in 'C:\\Users\\supri\\anaconda3\\Lib\\site-packages\\archspec\\__init__.py', reloading
[2024-09-21 14:55:57,388] 96 werkzeug - INFO -  * Detected change in 'C:\\Users\\supri\\anaconda3\\Lib\\site-packages\\argon2\\__init__.py', reloading
[2024-09-21 14:55:57,398] 96 werkzeug - INFO -  * Detected change in 'C:\\Users\\supri\\anaconda3\\Lib\\site-packages\\argon2\\_legacy.py', reloading
[2024-09-21 14:55:57,403] 96 werkzeug - INFO -  * Detected change in 'C:\\Users\\supri\\anaconda3\\Lib\\site-packages\\argon2\\_password_hasher.py', reloading
[2024-09-21 14:55:57,408] 96 werkzeug - INFO -  * Detected change in 'C:\\Users\\supri\\anaconda3\\Lib\\site-packages\\argon2\\_utils.py', reloading
[2024-09-21 14:55:57,418] 96 werkzeug - INFO -  * Detected change in 'C:\\Users\\supri\\anaconda3\\Lib\\site-packages\\argon2\\low_level.py', reloading
[2024-09-21 14:55:57,433] 96 werkzeug - INFO -  * Detected change in 'C:\\Users\\supri\\anaconda3\\Lib\\site-packages\\arrow\\__init__.py', reloading
[2024-09-21 14:55:57,438] 96 werkzeug - INFO -  * Detected change in 'C:\\Users\\supri\\anaconda3\\Lib\\site-packages\\arrow\\_version.py', reloading
[2024-09-21 14:55:57,448] 96 werkzeug - INFO -  * Detected change in 'C:\\Users\\supri\\anaconda3\\Lib\\site-packages\\arrow\\api.py', reloading
[2024-09-21 14:55:57,468] 96 werkzeug - INFO -  * Detected change in 'C:\\Users\\supri\\anaconda3\\Lib\\site-packages\\arrow\\arrow.py', reloading
[2024-09-21 14:55:57,493] 96 werkzeug - INFO -  * Detected change in 'C:\\Users\\supri\\anaconda3\\Lib\\site-packages\\arrow\\factory.py', reloading
[2024-09-21 14:55:57,498] 96 werkzeug - INFO -  * Detected change in 'C:\\Users\\supri\\anaconda3\\Lib\\site-packages\\arrow\\formatter.py', reloading
[2024-09-21 14:55:57,503] 96 werkzeug - INFO -  * Detected change in 'C:\\Users\\supri\\anaconda3\\Lib\\site-packages\\arrow\\parser.py', reloading
[2024-09-21 14:55:57,513] 96 werkzeug - INFO -  * Detected change in 'C:\\Users\\supri\\anaconda3\\Lib\\site-packages\\astroid\\__init__.py', reloading
[2024-09-21 14:55:57,549] 96 werkzeug - INFO -  * Detected change in 'C:\\Users\\supri\\anaconda3\\Lib\\site-packages\\astropy\\__init__.py', reloading
[2024-09-21 14:55:57,549] 96 werkzeug - INFO -  * Detected change in 'C:\\Users\\supri\\anaconda3\\Lib\\site-packages\\astropy_iers_data\\__init__.py', reloading
[2024-09-21 14:55:57,563] 96 werkzeug - INFO -  * Detected change in 'C:\\Users\\supri\\anaconda3\\Lib\\site-packages\\async_lru\\__init__.py', reloading
[2024-09-21 14:55:57,573] 96 werkzeug - INFO -  * Detected change in 'C:\\Users\\supri\\anaconda3\\Lib\\site-packages\\atomicwrites\\__init__.py', reloading
[2024-09-21 14:55:57,583] 96 werkzeug - INFO -  * Detected change in 'C:\\Users\\supri\\anaconda3\\Lib\\site-packages\\automat\\__init__.py', reloading
[2024-09-21 14:55:57,583] 96 werkzeug - INFO -  * Detected change in 'C:\\Users\\supri\\anaconda3\\Lib\\site-packages\\automat\\_methodical.py', reloading
[2024-09-21 14:55:57,588] 96 werkzeug - INFO -  * Detected change in 'C:\\Users\\supri\\anaconda3\\Lib\\site-packages\\automat\\_core.py', reloading
[2024-09-21 14:55:57,593] 96 werkzeug - INFO -  * Detected change in 'C:\\Users\\supri\\anaconda3\\Lib\\site-packages\\babel\\__init__.py', reloading
[2024-09-21 14:55:57,598] 96 werkzeug - INFO -  * Detected change in 'C:\\Users\\supri\\anaconda3\\Lib\\site-packages\\bcrypt\\__init__.py', reloading
[2024-09-21 14:55:57,603] 96 werkzeug - INFO -  * Detected change in 'C:\\Users\\supri\\anaconda3\\Lib\\site-packages\\bcrypt\\__about__.py', reloading
[2024-09-21 14:55:57,603] 96 werkzeug - INFO -  * Detected change in 'C:\\Users\\supri\\anaconda3\\Lib\\site-packages\\binaryornot\\__init__.py', reloading
[2024-09-21 14:55:57,608] 96 werkzeug - INFO -  * Detected change in 'C:\\Users\\supri\\anaconda3\\Lib\\site-packages\\binstar_client\\__init__.py', reloading
[2024-09-21 14:55:57,613] 96 werkzeug - INFO -  * Detected change in 'C:\\Users\\supri\\anaconda3\\Lib\\site-packages\\black\\__init__.py', reloading
[2024-09-21 14:55:57,684] 96 werkzeug - INFO -  * Detected change in 'C:\\Users\\supri\\anaconda3\\Lib\\site-packages\\black\\mode.py', reloading
[2024-09-21 14:55:57,689] 96 werkzeug - INFO -  * Detected change in 'C:\\Users\\supri\\anaconda3\\Lib\\site-packages\\blackd\\__init__.py', reloading
[2024-09-21 14:55:57,694] 96 werkzeug - INFO -  * Detected change in 'C:\\Users\\supri\\anaconda3\\Lib\\site-packages\\blib2to3\\__init__.py', reloading
[2024-09-21 14:55:57,694] 96 werkzeug - INFO -  * Detected change in 'C:\\Users\\supri\\anaconda3\\Lib\\site-packages\\boto3\\__init__.py', reloading
[2024-09-21 14:55:57,694] 96 werkzeug - INFO -  * Detected change in 'C:\\Users\\supri\\anaconda3\\Lib\\site-packages\\botocore\\__init__.py', reloading
[2024-09-21 14:55:57,699] 96 werkzeug - INFO -  * Detected change in 'C:\\Users\\supri\\anaconda3\\Lib\\site-packages\\bottleneck\\__init__.py', reloading
[2024-09-21 14:55:57,699] 96 werkzeug - INFO -  * Detected change in 'C:\\Users\\supri\\anaconda3\\Lib\\site-packages\\chardet\\__init__.py', reloading
[2024-09-21 14:55:57,704] 96 werkzeug - INFO -  * Detected change in 'C:\\Users\\supri\\anaconda3\\Lib\\site-packages\\chardet\\universaldetector.py', reloading
[2024-09-21 14:55:57,709] 96 werkzeug - INFO -  * Detected change in 'C:\\Users\\supri\\anaconda3\\Lib\\site-packages\\chardet\\version.py', reloading
[2024-09-21 14:55:57,709] 96 werkzeug - INFO -  * Detected change in 'C:\\Users\\supri\\anaconda3\\Lib\\site-packages\\cloudpickle\\__init__.py', reloading
[2024-09-21 14:55:57,719] 96 werkzeug - INFO -  * Detected change in 'C:\\Users\\supri\\anaconda3\\Lib\\site-packages\\colorcet\\__init__.py', reloading
[2024-09-21 14:55:57,719] 96 werkzeug - INFO -  * Detected change in 'C:\\Users\\supri\\anaconda3\\Lib\\site-packages\\conda\\__init__.py', reloading
[2024-09-21 14:55:57,739] 96 werkzeug - INFO -  * Detected change in 'C:\\Users\\supri\\anaconda3\\Lib\\site-packages\\conda\\_version.py', reloading
[2024-09-21 14:55:57,744] 96 werkzeug - INFO -  * Detected change in 'C:\\Users\\supri\\anaconda3\\Lib\\site-packages\\conda_build\\__init__.py', reloading
[2024-09-21 14:55:57,749] 96 werkzeug - INFO -  * Detected change in 'C:\\Users\\supri\\anaconda3\\Lib\\site-packages\\conda_build\\_version.py', reloading
[2024-09-21 14:55:57,754] 96 werkzeug - INFO -  * Detected change in 'C:\\Users\\supri\\anaconda3\\Lib\\site-packages\\conda_content_trust\\__init__.py', reloading
[2024-09-21 14:55:57,759] 96 werkzeug - INFO -  * Detected change in 'C:\\Users\\supri\\anaconda3\\Lib\\site-packages\\conda_env\\__init__.py', reloading
[2024-09-21 14:55:57,759] 96 werkzeug - INFO -  * Detected change in 'C:\\Users\\supri\\anaconda3\\Lib\\site-packages\\conda_index\\__init__.py', reloading
[2024-09-21 14:55:57,759] 96 werkzeug - INFO -  * Detected change in 'C:\\Users\\supri\\anaconda3\\Lib\\site-packages\\conda_libmamba_solver\\__init__.py', reloading
[2024-09-21 14:55:57,764] 96 werkzeug - INFO -  * Detected change in 'C:\\Users\\supri\\anaconda3\\Lib\\site-packages\\conda_pack\\__init__.py', reloading
[2024-09-21 14:55:57,764] 96 werkzeug - INFO -  * Detected change in 'C:\\Users\\supri\\anaconda3\\Lib\\site-packages\\conda_package_handling\\__init__.py', reloading
[2024-09-21 14:55:57,764] 96 werkzeug - INFO -  * Detected change in 'C:\\Users\\supri\\anaconda3\\Lib\\site-packages\\conda_package_streaming\\__init__.py', reloading
[2024-09-21 14:55:57,769] 96 werkzeug - INFO -  * Detected change in 'C:\\Users\\supri\\anaconda3\\Lib\\site-packages\\conda_token\\__init__.py', reloading
[2024-09-21 14:55:57,769] 96 werkzeug - INFO -  * Detected change in 'C:\\Users\\supri\\anaconda3\\Lib\\site-packages\\constantly\\__init__.py', reloading
[2024-09-21 14:55:57,779] 96 werkzeug - INFO -  * Detected change in 'C:\\Users\\supri\\anaconda3\\Lib\\site-packages\\constantly\\_constants.py', reloading
[2024-09-21 14:55:57,789] 96 werkzeug - INFO -  * Detected change in 'C:\\Users\\supri\\anaconda3\\Lib\\site-packages\\cookiecutter\\__init__.py', reloading
[2024-09-21 14:55:57,794] 96 werkzeug - INFO -  * Detected change in 'C:\\Users\\supri\\anaconda3\\Lib\\site-packages\\cpuinfo\\__init__.py', reloading
[2024-09-21 14:55:57,794] 96 werkzeug - INFO -  * Detected change in 'C:\\Users\\supri\\anaconda3\\Lib\\site-packages\\cssselect\\__init__.py', reloading
[2024-09-21 14:55:57,799] 96 werkzeug - INFO -  * Detected change in 'C:\\Users\\supri\\anaconda3\\Lib\\site-packages\\cssselect\\parser.py', reloading
[2024-09-21 14:55:57,814] 96 werkzeug - INFO -  * Detected change in 'C:\\Users\\supri\\anaconda3\\Lib\\site-packages\\cssselect\\xpath.py', reloading
[2024-09-21 14:55:57,824] 96 werkzeug - INFO -  * Detected change in 'C:\\Users\\supri\\anaconda3\\Lib\\site-packages\\curl\\__init__.py', reloading
[2024-09-21 14:55:57,824] 96 werkzeug - INFO -  * Detected change in 'C:\\Users\\supri\\anaconda3\\Lib\\site-packages\\cytoolz\\__init__.py', reloading
[2024-09-21 14:55:57,824] 96 werkzeug - INFO -  * Detected change in 'C:\\Users\\supri\\anaconda3\\Lib\\site-packages\\dask\\__init__.py', reloading
[2024-09-21 14:55:57,854] 96 werkzeug - INFO -  * Detected change in 'C:\\Users\\supri\\anaconda3\\Lib\\site-packages\\dask_expr\\__init__.py', reloading
[2024-09-21 14:55:57,854] 96 werkzeug - INFO -  * Detected change in 'C:\\Users\\supri\\anaconda3\\Lib\\site-packages\\datashader\\__init__.py', reloading
[2024-09-21 14:55:57,854] 96 werkzeug - INFO -  * Detected change in 'C:\\Users\\supri\\anaconda3\\Lib\\site-packages\\diff_match_patch\\__init__.py', reloading
[2024-09-21 14:55:57,854] 96 werkzeug - INFO -  * Detected change in 'C:\\Users\\supri\\anaconda3\\Lib\\site-packages\\dill\\__init__.py', reloading
[2024-09-21 14:55:57,859] 96 werkzeug - INFO -  * Detected change in 'C:\\Users\\supri\\anaconda3\\Lib\\site-packages\\distributed\\__init__.py', reloading
[2024-09-21 14:55:57,919] 96 werkzeug - INFO -  * Detected change in 'C:\\Users\\supri\\anaconda3\\Lib\\site-packages\\distributed\\_version.py', reloading
[2024-09-21 14:55:57,924] 96 werkzeug - INFO -  * Detected change in 'C:\\Users\\supri\\anaconda3\\Lib\\site-packages\\distributed\\actor.py', reloading
[2024-09-21 14:55:57,949] 96 werkzeug - INFO -  * Detected change in 'C:\\Users\\supri\\anaconda3\\Lib\\site-packages\\distributed\\client.py', reloading
[2024-09-21 14:55:58,039] 96 werkzeug - INFO -  * Detected change in 'C:\\Users\\supri\\anaconda3\\Lib\\site-packages\\distributed\\core.py', reloading
[2024-09-21 14:55:58,069] 96 werkzeug - INFO -  * Detected change in 'C:\\Users\\supri\\anaconda3\\Lib\\site-packages\\distributed\\comm\\__init__.py', reloading
[2024-09-21 14:55:58,079] 96 werkzeug - INFO -  * Detected change in 'C:\\Users\\supri\\anaconda3\\Lib\\site-packages\\distributed\\comm\\core.py', reloading
[2024-09-21 14:55:58,084] 96 werkzeug - INFO -  * Detected change in 'C:\\Users\\supri\\anaconda3\\Lib\\site-packages\\distributed\\deploy\\__init__.py', reloading
[2024-09-21 14:55:58,104] 96 werkzeug - INFO -  * Detected change in 'C:\\Users\\supri\\anaconda3\\Lib\\site-packages\\distributed\\deploy\\adaptive.py', reloading
[2024-09-21 14:55:58,109] 96 werkzeug - INFO -  * Detected change in 'C:\\Users\\supri\\anaconda3\\Lib\\site-packages\\distributed\\deploy\\local.py', reloading
[2024-09-21 14:55:58,119] 96 werkzeug - INFO -  * Detected change in 'C:\\Users\\supri\\anaconda3\\Lib\\site-packages\\distributed\\deploy\\spec.py', reloading
[2024-09-21 14:55:58,133] 96 werkzeug - INFO -  * Detected change in 'C:\\Users\\supri\\anaconda3\\Lib\\site-packages\\distributed\\deploy\\ssh.py', reloading
[2024-09-21 14:55:58,139] 96 werkzeug - INFO -  * Detected change in 'C:\\Users\\supri\\anaconda3\\Lib\\site-packages\\distributed\\deploy\\subprocess.py', reloading
[2024-09-21 14:55:58,144] 96 werkzeug - INFO -  * Detected change in 'C:\\Users\\supri\\anaconda3\\Lib\\site-packages\\distributed\\diagnostics\\plugin.py', reloading
[2024-09-21 14:55:58,154] 96 werkzeug - INFO -  * Detected change in 'C:\\Users\\supri\\anaconda3\\Lib\\site-packages\\distributed\\diagnostics\\progressbar.py', reloading
[2024-09-21 14:55:58,159] 96 werkzeug - INFO -  * Detected change in 'C:\\Users\\supri\\anaconda3\\Lib\\site-packages\\distributed\\event.py', reloading
[2024-09-21 14:55:58,164] 96 werkzeug - INFO -  * Detected change in 'C:\\Users\\supri\\anaconda3\\Lib\\site-packages\\distributed\\lock.py', reloading
[2024-09-21 14:55:58,169] 96 werkzeug - INFO -  * Detected change in 'C:\\Users\\supri\\anaconda3\\Lib\\site-packages\\distributed\\multi_lock.py', reloading
[2024-09-21 14:55:58,174] 96 werkzeug - INFO -  * Detected change in 'C:\\Users\\supri\\anaconda3\\Lib\\site-packages\\distributed\\nanny.py', reloading
[2024-09-21 14:55:58,189] 96 werkzeug - INFO -  * Detected change in 'C:\\Users\\supri\\anaconda3\\Lib\\site-packages\\distributed\\pubsub.py', reloading
[2024-09-21 14:55:58,194] 96 werkzeug - INFO -  * Detected change in 'C:\\Users\\supri\\anaconda3\\Lib\\site-packages\\distributed\\queues.py', reloading
[2024-09-21 14:55:58,204] 96 werkzeug - INFO -  * Detected change in 'C:\\Users\\supri\\anaconda3\\Lib\\site-packages\\distributed\\scheduler.py', reloading
[2024-09-21 14:55:58,294] 96 werkzeug - INFO -  * Detected change in 'C:\\Users\\supri\\anaconda3\\Lib\\site-packages\\distributed\\security.py', reloading
[2024-09-21 14:55:58,299] 96 werkzeug - INFO -  * Detected change in 'C:\\Users\\supri\\anaconda3\\Lib\\site-packages\\distributed\\semaphore.py', reloading
[2024-09-21 14:55:58,304] 96 werkzeug - INFO -  * Detected change in 'C:\\Users\\supri\\anaconda3\\Lib\\site-packages\\distributed\\spans.py', reloading
[2024-09-21 14:55:58,314] 96 werkzeug - INFO -  * Detected change in 'C:\\Users\\supri\\anaconda3\\Lib\\site-packages\\distributed\\threadpoolexecutor.py', reloading
[2024-09-21 14:55:58,319] 96 werkzeug - INFO -  * Detected change in 'C:\\Users\\supri\\anaconda3\\Lib\\site-packages\\distributed\\utils.py', reloading
[2024-09-21 14:55:58,514] 96 werkzeug - INFO -  * Detected change in 'C:\\Users\\supri\\anaconda3\\Lib\\site-packages\\distributed\\variable.py', reloading
[2024-09-21 14:55:58,519] 96 werkzeug - INFO -  * Detected change in 'C:\\Users\\supri\\anaconda3\\Lib\\site-packages\\distributed\\worker.py', reloading
